<?xml version="1.0" encoding="UTF-8"?>
<testng-results skipped="0" failed="0" ignored="0" total="1" passed="1">
  <reporter-output>
  </reporter-output>
  <suite name="Default suite" duration-ms="609" started-at="2018-07-27T07:37:33Z" finished-at="2018-07-27T07:37:33Z">
    <groups>
    </groups>
    <test name="Default test" duration-ms="609" started-at="2018-07-27T07:37:33Z" finished-at="2018-07-27T07:37:33Z">
      <class name="com.tests.FileProg">
        <test-method status="PASS" signature="test()[pri:0, instance:com.tests.FileProg@26653222]" name="test" duration-ms="568" started-at="2018-07-27T07:37:33Z" finished-at="2018-07-27T07:37:33Z">
          <reporter-output>
          </reporter-output>
        </test-method> <!-- test -->
      </class> <!-- com.tests.FileProg -->
    </test> <!-- Default test -->
  </suite> <!-- Default suite -->
</testng-results>
